2025-10-07T14:51:26: 
> bali-report@0.1.0 dev
> next dev

2025-10-07T15:35:43: 2025-10-07T15:35:43: 2025-10-07T15:35:44: 
> bali-report@0.1.0 dev
> next dev

2025-10-07T15:40:49: 
> bali-report@0.1.0 dev
> next dev

2025-10-07T15:51:44: 
> bali-report@0.1.0 dev
> next dev

2025-10-07T16:04:12: 
> bali-report@0.1.0 dev
> next dev

2025-10-07T16:08:54: 
> bali-report@0.1.0 dev
> next dev

2025-10-07T16:16:01: 
> bali-report@0.1.0 dev
> next dev

2025-10-07T16:18:54: 
> bali-report@0.1.0 dev
> next dev

2025-10-07T16:20:45: 2025-10-07T16:20:46: 
> bali-report@0.1.0 dev
> next dev

2025-10-07T16:45:44: 2025-10-07T16:45:44: 
> bali-report@0.1.0 dev
> next dev

2025-10-07T16:55:56: 
> bali-report@0.1.0 dev
> next dev

2025-10-07T16:56:54: 
> bali-report@0.1.0 dev
> next dev

2025-10-07T16:58:11: 
> bali-report@0.1.0 dev
> next dev

2025-10-07T16:59:15: 
> bali-report@0.1.0 dev
> next dev

2025-10-07T16:59:56: 
> bali-report@0.1.0 dev
> next dev

2025-10-07T17:00:47: 
> bali-report@0.1.0 dev
> next dev

2025-10-07T17:01:51: 
> bali-report@0.1.0 dev
> next dev

